STAR version=2.7.3a
STAR compilation time,server,dir=Tue Oct 8 14:26:19 EDT 2019 vega:/home/dobin/data/STAR/STARcode/STAR.master/source
##### Command Line:
STAR --runThreadN 4 --runMode genomeGenerate --genomeDir /home/ubuntu/testMarta/res/genome/star_index/ --genomeFastaFiles /home/ubuntu/testMarta/res/genome/ecoli.fasta --genomeSAindexNbases 9
##### Initial USER parameters from Command Line:
###### All USER parameters from Command Line:
runThreadN                    4     ~RE-DEFINED
runMode                       genomeGenerate     ~RE-DEFINED
genomeDir                     /home/ubuntu/testMarta/res/genome/star_index/     ~RE-DEFINED
genomeFastaFiles              /home/ubuntu/testMarta/res/genome/ecoli.fasta        ~RE-DEFINED
genomeSAindexNbases           9     ~RE-DEFINED
##### Finished reading parameters from all sources

##### Final user re-defined parameters-----------------:
runMode                           genomeGenerate
runThreadN                        4
genomeDir                         /home/ubuntu/testMarta/res/genome/star_index/
genomeFastaFiles                  /home/ubuntu/testMarta/res/genome/ecoli.fasta   
genomeSAindexNbases               9

-------------------------------
##### Final effective command line:
STAR   --runMode genomeGenerate   --runThreadN 4   --genomeDir /home/ubuntu/testMarta/res/genome/star_index/   --genomeFastaFiles /home/ubuntu/testMarta/res/genome/ecoli.fasta      --genomeSAindexNbases 9
----------------------------------------

Finished loading and checking parameters
Nov 17 12:13:14 ... starting to generate Genome files
/home/ubuntu/testMarta/res/genome/ecoli.fasta : chr # 0  "NC_000913.3" chrStart: 0
Estimated genome size=205718592   4718592   201000000
GstrandBit=32
Number of SA indices: 9283304
Nov 17 12:13:14 ... starting to sort Suffix Array. This may take a long time...
Number of chunks: 4;   chunks size limit: 24755472 bytes
Nov 17 12:13:14 ... sorting Suffix Array chunks and saving them to disk...
Writing 566144 bytes into /home/ubuntu/testMarta/res/genome/star_index//SA_3 ; empty space on disk = 3185188864 bytes ... done
Writing 24511280 bytes into /home/ubuntu/testMarta/res/genome/star_index//SA_0 ; empty space on disk = 3184619520 bytes ... done
Writing 24602888 bytes into /home/ubuntu/testMarta/res/genome/star_index//SA_2 ; empty space on disk = 3160104960 bytes ... done
Writing 24586120 bytes into /home/ubuntu/testMarta/res/genome/star_index//SA_1 ; empty space on disk = 3135500288 bytes ... done
Nov 17 12:13:16 ... loading chunks from disk, packing SA...
Nov 17 12:13:16 ... finished generating suffix array
Nov 17 12:13:16 ... generating Suffix Array index
Nov 17 12:13:16 ... completed Suffix Array index
Nov 17 12:13:16 ... writing Genome to disk ...
Writing 4718592 bytes into /home/ubuntu/testMarta/res/genome/star_index//Genome ; empty space on disk = 3189907456 bytes ... done
SA size in bytes: 38293632
Nov 17 12:13:16 ... writing Suffix Array to disk ...
Writing 38293632 bytes into /home/ubuntu/testMarta/res/genome/star_index//SA ; empty space on disk = 3223486464 bytes ... done
Nov 17 12:13:16 ... writing SAindex to disk
Writing 8 bytes into /home/ubuntu/testMarta/res/genome/star_index//SAindex ; empty space on disk = 3186720768 bytes ... done
Writing 80 bytes into /home/ubuntu/testMarta/res/genome/star_index//SAindex ; empty space on disk = 3186720768 bytes ... done
Writing 1529171 bytes into /home/ubuntu/testMarta/res/genome/star_index//SAindex ; empty space on disk = 3186720768 bytes ... done
Nov 17 12:13:16 ..... finished successfully
DONE: Genome generation, EXITING
